[2025-03-19 08:28:53] [INFO] Account Balance: {"OriginatorConversationID":"Partner name -61ea7433-c204-40fa-990c-ea1cfe0809d1","ConversationID":"AG_20250319_7010657d10989f520f95","ResponseCode":"0","ResponseDescription":"Accept the service request successfully."}
[2025-03-19 08:29:14] [INFO] Account Balance: {"OriginatorConversationID":"Partner name -d572aa4d-a3cb-4d06-b137-38f55afc0585","ConversationID":"AG_20250319_7010529ff28f0b07bebc","ResponseCode":"0","ResponseDescription":"Accept the service request successfully."}
[2025-03-19 08:29:30] [ERROR] Account Balance error: Client error: `POST https://apisandbox.safaricom.et/mpesa/accountbalance/v2/query` resulted in a `401 Unauthorized` response:
{
                    "requestId":"29db-4bee-89c7-7e1d4ed558731186589",
                    "errorCode": "404.001.03",
  (truncated...)

[2025-03-19 08:29:45] [ERROR] Account Balance error: Client error: `POST https://apisandbox.safaricom.et/mpesa/accountbalance/v2/query` resulted in a `401 Unauthorized` response:
{
                    "requestId":"29db-4bee-89c7-7e1d4ed558731186590",
                    "errorCode": "404.001.03",
  (truncated...)

[2025-03-19 08:29:49] [ERROR] Account Balance error: Client error: `POST https://apisandbox.safaricom.et/mpesa/accountbalance/v2/query` resulted in a `401 Unauthorized` response:
{
                    "requestId":"29db-4bee-89c7-7e1d4ed558731186591",
                    "errorCode": "404.001.03",
  (truncated...)

[2025-03-19 08:30:20] [ERROR] Account Balance error: Client error: `POST https://apisandbox.safaricom.et/mpesa/accountbalance/v2/query` resulted in a `401 Unauthorized` response:
{
                    "requestId":"29db-4bee-89c7-7e1d4ed558731186599",
                    "errorCode": "404.001.03",
  (truncated...)

[2025-03-19 08:32:26] [ERROR] Account Balance error: Client error: `POST https://apisandbox.safaricom.et/mpesa/accountbalance/v2/query` resulted in a `401 Unauthorized` response:
{
                    "requestId":"29db-4bee-89c7-7e1d4ed558731186614",
                    "errorCode": "404.001.03",
  (truncated...)

[2025-03-19 08:32:51] [INFO] Account Balance: {"OriginatorConversationID":"Partner name -187ca530-d3a0-477e-acfc-6f2d22c473f7","ConversationID":"AG_20250319_70100d0e4d1b2e9bd67e","ResponseCode":"0","ResponseDescription":"Accept the service request successfully."}
[2025-03-19 08:37:25] [INFO] Account Balance: {"OriginatorConversationID":"Partner name -c6949461-3fef-495e-9c6b-bcd6bb430843","ConversationID":"AG_20250319_7010291b872c27a7ab51","ResponseCode":"0","ResponseDescription":"Accept the service request successfully."}
[2025-03-19 08:37:41] [INFO] Account Balance: {"OriginatorConversationID":"Partner name -a1292903-7186-418d-afc8-c1e593ab9950","ConversationID":"AG_20250319_701041e761a41ebda806","ResponseCode":"0","ResponseDescription":"Accept the service request successfully."}
[2025-03-19 08:38:08] [INFO] Account Balance: {"OriginatorConversationID":"Partner name -16db07ee-1600-4c4d-9f4f-d59c2de8c2ba","ConversationID":"AG_20250319_7010697a3743d18680ba","ResponseCode":"0","ResponseDescription":"Accept the service request successfully."}
[2025-03-19 08:41:40] [INFO] Using cached token: SbKyU5Uyar2cKHWxCGhhdn1lhGup
[2025-03-19 08:42:39] [INFO] Using cached token: SbKyU5Uyar2cKHWxCGhhdn1lhGup
[2025-03-19 08:43:01] [ERROR] Account Balance error: Client error: `POST https://apisandbox.safaricom.et/mpesa/accountbalance/v2/query` resulted in a `401 Unauthorized` response:
{
                    "requestId":"1641-49dc-95b9-34880e1789eb1094355",
                    "errorCode": "404.001.03",
  (truncated...)

[2025-03-19 08:43:34] [ERROR] Account Balance error: Client error: `POST https://apisandbox.safaricom.et/mpesa/accountbalance/v2/query` resulted in a `401 Unauthorized` response:
{
                    "requestId":"1641-49dc-95b9-34880e1789eb1094361",
                    "errorCode": "404.001.03",
  (truncated...)

[2025-03-19 08:44:45] [ERROR] Account Balance error: Client error: `POST https://apisandbox.safaricom.et/mpesa/accountbalance/v2/query` resulted in a `401 Unauthorized` response:
{
                    "requestId":"1641-49dc-95b9-34880e1789eb1094370",
                    "errorCode": "404.001.03",
  (truncated...)

[2025-03-19 08:45:07] [INFO] Account Balance: {"OriginatorConversationID":"Partner name -ecdd402c-a745-4291-96fd-fcadf7e66f3a","ConversationID":"AG_20250319_70100d78493f70512cde","ResponseCode":"0","ResponseDescription":"Accept the service request successfully."}
[2025-03-19 08:45:27] [INFO] Account Balance: {"OriginatorConversationID":"Partner name -ec96d77f-7add-4f60-828b-dbefe004b334","ConversationID":"AG_20250319_7010487568eaaee80724","ResponseCode":"0","ResponseDescription":"Accept the service request successfully."}
[2025-03-19 08:45:44] [INFO] Account Balance: {"OriginatorConversationID":"Partner name -d76a298a-c008-4a9a-aaad-6c2e822455d4","ConversationID":"AG_20250319_70105eb2441f3452dbc1","ResponseCode":"0","ResponseDescription":"Accept the service request successfully."}
[2025-03-19 09:12:39] [INFO] Account Balance: {"OriginatorConversationID":"Partner name -8ad68993-d401-47da-a169-909857bfbff9","ConversationID":"AG_20250319_70107c30ba50f4c8635a","ResponseCode":"0","ResponseDescription":"Accept the service request successfully."}
