[2025-03-12 22:07:24] [INFO] Generated token: uG9APM1cQxFxGNQz3rxjhgmoAAWS
[2025-03-13 05:25:05] [INFO] Generated token: tGfbrnEKr5ooAF1zazySaUV1kF4k
[2025-03-13 05:26:05] [INFO] Generated token: HwTDaCKh0xMzf8pGC6p0G5YrnJW4
[2025-03-13 05:26:19] [INFO] Generated token: D0r1CuD8RPh9ntLETMEIv5cTlqiz
[2025-03-13 05:42:43] [INFO] Generated token: hTbJAapzYrDUaxTyXyVzlv7FZEOF
[2025-03-13 05:42:44] [INFO] STK Push Checkout ID: ws_CO_1303202507424422115907
[2025-03-13 05:47:13] [INFO] Generated token: uHVlrfugEBGndVl9GlrIeBLjq0g9
[2025-03-13 05:47:13] [INFO] STK Push Checkout ID: ws_CO_1303202507471388567372
[2025-03-13 06:09:13] [INFO] Generated token: X3bwX96sHG5X0z4dGrpgtfFsBiSM
[2025-03-13 06:09:13] [INFO] STK Push Checkout ID: ws_CO_1303202508091347370095
[2025-03-13 06:14:25] [INFO] Generated token: 29MaTCoOyso2zKKoYrYgGdv7E3jN
[2025-03-13 06:14:26] [INFO] STK Push Response: {"merchantRequestId":"SFC-Testing-9146-4216-9455-e3947ac570fc","checkoutRequestId":"ws_CO_1303202508142607370022","responseCode":"SVC0403","responseDescription":"Forbidden request as the provided Password is incorrect for: uri=\/api","customerMessage":"Forbidden request as the provided Password is incorrect"}
[2025-03-13 06:14:26] [INFO] STK Push Checkout ID: ws_CO_1303202508142607370022
[2025-03-13 06:14:42] [INFO] Generated token: JnSgBoOAUVfhKPxumrB1y0yz1dfN
[2025-03-13 06:14:42] [INFO] STK Push Response: {"merchantRequestId":"SFC-Testing-9146-4216-9455-e3947ac570fc","checkoutRequestId":"ws_CO_1303202508144262971619","responseCode":"SVC0403","responseDescription":"Forbidden request as the provided Password is incorrect for: uri=\/api","customerMessage":"Forbidden request as the provided Password is incorrect"}
[2025-03-13 06:14:42] [INFO] STK Push Checkout ID: ws_CO_1303202508144262971619
[2025-03-13 06:14:57] [INFO] Generated token: P1rUqbXbkqOo90BIaEt6XnXAd0c6
[2025-03-13 06:14:57] [INFO] STK Push Response: {"merchantRequestId":"SFC-Testing-9146-4216-9455-e3947ac570fc","checkoutRequestId":"ws_CO_13032025081457631603","responseCode":"SVC0403","responseDescription":"Forbidden request as the provided Password is incorrect for: uri=\/api","customerMessage":"Forbidden request as the provided Password is incorrect"}
[2025-03-13 06:14:57] [INFO] STK Push Checkout ID: ws_CO_13032025081457631603
[2025-03-13 06:15:11] [INFO] Generated token: SbanCMFGxwr4TIRBuNMn93OGqXgD
[2025-03-13 06:15:12] [INFO] STK Push Response: {"merchantRequestId":"SFC-Testing-9146-4216-9455-e3947ac570fc","checkoutRequestId":"ws_CO_1303202508151210178940","responseCode":"SVC0403","responseDescription":"Forbidden request as the provided Password is incorrect for: uri=\/api","customerMessage":"Forbidden request as the provided Password is incorrect"}
[2025-03-13 06:15:12] [INFO] STK Push Checkout ID: ws_CO_1303202508151210178940
[2025-03-13 06:15:27] [INFO] Generated token: xQ4GzZxnb37blhnEMGXYb571gZLf
[2025-03-13 06:15:27] [INFO] STK Push Response: {"merchantRequestId":"SFC-Testing-9146-4216-9455-e3947ac570fc","checkoutRequestId":"ws_CO_1303202508152767169672","responseCode":"SVC0403","responseDescription":"Forbidden request as the provided Password is incorrect for: uri=\/api","customerMessage":"Forbidden request as the provided Password is incorrect"}
[2025-03-13 06:15:27] [INFO] STK Push Checkout ID: ws_CO_1303202508152767169672
[2025-03-13 06:16:26] [INFO] Generated token: MvzDxv2ehNxA9HjM8bRfJSAo6dA1
[2025-03-13 06:16:26] [INFO] STK Push Response: {"merchantRequestId":"SFC-Testing-9146-4216-9455-e3947ac570fc","checkoutRequestId":"ws_CO_1303202508162650241369","responseCode":"SVC0403","responseDescription":"Forbidden request as the provided Password is incorrect for: uri=\/api","customerMessage":"Forbidden request as the provided Password is incorrect"}
[2025-03-13 06:16:26] [INFO] STK Push Checkout ID: ws_CO_1303202508162650241369
[2025-03-13 06:16:38] [INFO] Generated token: 3lMskHmsFq4R7IwcV1viTzBlAfXj
[2025-03-13 06:16:38] [INFO] STK Push Response: {"merchantRequestId":"SFC-Testing-9146-4216-9455-e3947ac570fc","checkoutRequestId":"ws_CO_1303202508163839044043","responseCode":"SVC0403","responseDescription":"Forbidden request as the provided Password is incorrect for: uri=\/api","customerMessage":"Forbidden request as the provided Password is incorrect"}
[2025-03-13 06:16:38] [INFO] STK Push Checkout ID: ws_CO_1303202508163839044043
[2025-03-13 06:16:47] [INFO] Generated token: cAUIXVf7Y4THqaykSObbdyZG92Hl
[2025-03-13 06:16:47] [INFO] STK Push Response: {"merchantRequestId":"SFC-Testing-9146-4216-9455-e3947ac570fc","checkoutRequestId":"ws_CO_1303202508164741336979","responseCode":"SVC0403","responseDescription":"Forbidden request as the provided Password is incorrect for: uri=\/api","customerMessage":"Forbidden request as the provided Password is incorrect"}
[2025-03-13 06:16:47] [INFO] STK Push Checkout ID: ws_CO_1303202508164741336979
[2025-03-13 06:17:36] [INFO] Generated token: 5hxWcfyGp7ZlydFPhe7Vs7aH5YWS
[2025-03-13 06:17:36] [INFO] STK Push Response: {"merchantRequestId":"SFC-Testing-9146-4216-9455-e3947ac570fc","checkoutRequestId":"ws_CO_1303202508173663566425","responseCode":"SVC0403","responseDescription":"Forbidden request as the provided Password is incorrect for: uri=\/api","customerMessage":"Forbidden request as the provided Password is incorrect"}
[2025-03-13 06:17:36] [INFO] STK Push Checkout ID: ws_CO_1303202508173663566425
[2025-03-13 06:18:41] [INFO] Generated token: tvx1cLW4zzxTzNZnajx5UjlOxcwq
[2025-03-13 06:18:42] [INFO] STK Push Response: {"merchantRequestId":"SFC-Testing-9146-4216-9455-e3947ac570fc","checkoutRequestId":"ws_CO_130320250818421373556","responseCode":"SVC0403","responseDescription":"Forbidden request as the provided Password is incorrect for: uri=\/api","customerMessage":"Forbidden request as the provided Password is incorrect"}
[2025-03-13 06:18:42] [INFO] STK Push Checkout ID: ws_CO_130320250818421373556
[2025-03-13 06:20:29] [INFO] Generated token: nykks0zNGLEXqLfqP53HTifL4pwF
[2025-03-13 06:20:29] [INFO] STK Push Response: {"merchantRequestId":"SFC-Testing-9146-4216-9455-e3947ac570fc","checkoutRequestId":"ws_CO_1303202508202968374003","responseCode":"SVC0403","responseDescription":"Forbidden request as the provided Password is incorrect for: uri=\/api","customerMessage":"Forbidden request as the provided Password is incorrect"}
[2025-03-13 06:20:29] [INFO] STK Push Checkout ID: ws_CO_1303202508202968374003
[2025-03-13 06:20:57] [INFO] Generated token: JmnD7Zy1EgBAsEYloEm5w4Roan3x
[2025-03-13 06:20:57] [INFO] STK Push Response: {"merchantRequestId":"SFC-Testing-9146-4216-9455-e3947ac570fc","checkoutRequestId":"ws_CO_1303202508205771697009","responseCode":"SVC0403","responseDescription":"Forbidden request as the provided Password is incorrect for: uri=\/api","customerMessage":"Forbidden request as the provided Password is incorrect"}
[2025-03-13 06:20:57] [INFO] STK Push Checkout ID: ws_CO_1303202508205771697009
[2025-03-13 06:36:35] [INFO] Generated token: zv0ht9AGRIANAYYIaA9EGtzaYFAn
[2025-03-13 06:36:36] [INFO] STK Push Response: {"merchantRequestId":"Partner name -9146-4216-9455-e3947ac570fc","checkoutRequestId":"ws_CO_1303202508363603389822","responseCode":"SVC0403","responseDescription":"Forbidden request as the provided Password is incorrect for: uri=\/api","customerMessage":"Forbidden request as the provided Password is incorrect"}
[2025-03-13 06:36:36] [INFO] STK Push Checkout ID: ws_CO_1303202508363603389822
[2025-03-13 07:12:42] [INFO] Generated token: R1VyU9Bf68vCNgFWfoeTBwQ7Yi5F
[2025-03-13 07:12:42] [INFO] STK Push Response: {"merchantRequestId":"Partner name -9146-4216-9455-e3947ac570fc","checkoutRequestId":"ws_CO_1303202509124279452774","responseCode":"SVC0403","responseDescription":"Forbidden request as the provided Password is incorrect for: uri=\/api","customerMessage":"Forbidden request as the provided Password is incorrect"}
[2025-03-13 07:12:42] [INFO] STK Push Checkout ID: ws_CO_1303202509124279452774
[2025-03-13 07:15:37] [INFO] Generated token: BA8vawUGx5WcJxHMlpX7xGDqOBa6
[2025-03-13 07:15:37] [INFO] STK Push Response: {"merchantRequestId":"Partner name -9146-4216-9455-e3947ac570fc","checkoutRequestId":"ws_CO_1303202509153726895430","responseCode":"SVC0403","responseDescription":"Forbidden request as the provided Password is incorrect for: uri=\/api","customerMessage":"Forbidden request as the provided Password is incorrect"}
[2025-03-13 07:15:37] [INFO] STK Push Checkout ID: ws_CO_1303202509153726895430
[2025-03-13 07:16:54] [INFO] Generated token: u4kOvJSRG1fB72KTlByy2zsUFMew
[2025-03-13 07:19:35] [INFO] Generated token: XULAWaz6rINZ6j3nGWqv41fXyA1z
[2025-03-13 07:23:13] [INFO] Generated token: 7McxGL7mY5zwHePhWJhPDE0qLHjK
[2025-03-13 07:24:25] [INFO] Generated token: hKJ3dGz50CHxRcmWPG1coLxAxE5P
[2025-03-13 07:25:15] [INFO] Generated token: yGn43qNQxM66Row7KiFrVshGQY8n
[2025-03-13 07:25:16] [INFO] C2B URL Registration Response: {"header":{"responseCode":200,"responseMessage":"Request processed successfully","customerMessage":"Request processed successfully","timestamp":"2025-03-13T09:25:16.480"}}
[2025-03-13 07:25:28] [INFO] Generated token: AZZApzrw4qsoRgbAARD6KN0z0Cb8
[2025-03-13 07:25:29] [INFO] C2B URL Registration Response: {"header":{"responseCode":400,"responseMessage":"Shortcode already registered","customerMessage":"Shortcode already registered","timestamp":"2025-03-13T09:25:29.466"}}
[2025-03-13 07:26:27] [INFO] Generated token: umByRitgAIE7bgIhbvFM1LNSJVLf
[2025-03-13 07:26:28] [INFO] C2B URL Registration Response: {"header":{"responseCode":200,"responseMessage":"Request processed successfully","customerMessage":"Request processed successfully","timestamp":"2025-03-13T09:26:28.488"}}
[2025-03-13 08:05:47] [INFO] Generated token: fvWrIWaGsTju2GKabOpuVhGWbwE4
[2025-03-13 08:05:47] [INFO] C2B URL Registration Response: {"header":{"responseCode":400,"responseMessage":"Shortcode already registered","customerMessage":"Shortcode already registered","timestamp":"2025-03-13T10:05:47.643"}}
[2025-03-13 08:10:25] [INFO] Generated token: vVEJCNOUxmlBLdVg6ktULvEBGasY
[2025-03-13 08:10:26] [INFO] C2B URL Registration Response: {"header":{"responseCode":400,"responseMessage":"Shortcode already registered","customerMessage":"Shortcode already registered","timestamp":"2025-03-13T10:10:26.711"}}
[2025-03-13 08:11:37] [INFO] Generated token: yUdYNYj7Q6pI5q6Ut7IGBu7GIYmj
[2025-03-13 08:12:13] [INFO] Generated token: ypa1RZRdi0Y3ybnQBF86DhFW71LG
[2025-03-13 08:12:14] [ERROR] API error: Client error: `POST https://apisandbox.safaricom.et/v1/c2b/payments` resulted in a `404 Not Found` response (Code: 404)
[2025-03-13 08:14:30] [INFO] Generated token: SPXSSQLpBUuyurLGALLdJTzflgRF
[2025-03-13 08:14:30] [ERROR] API error: Client error: `POST https://apisandbox.safaricom.et/v1/c2b/payments` resulted in a `404 Not Found` response (Code: 404)
[2025-03-13 08:26:58] [INFO] Generated token: x4ciZ1OHGeFFfiGfIPzHtUVGpugr
[2025-03-13 08:26:58] [ERROR] API error: Client error: `POST https://apisandbox.safaricom.et/v1/c2b/payments` resulted in a `404 Not Found` response (Code: 404)
[2025-03-13 08:27:04] [INFO] Generated token: yet8r4LiIff3OpAW5KmeGB3eCUJj
[2025-03-13 08:27:04] [ERROR] API error: Client error: `POST https://apisandbox.safaricom.et/v1/c2b/payments` resulted in a `404 Not Found` response (Code: 404)
[2025-03-13 08:28:39] [INFO] Generated token: RTsg1WBVDltrJjOeZ6WMC8jK2i6w
[2025-03-13 08:29:18] [INFO] Generated token: eNa66vaLm7PZbFAF6YkC5JD0ACJy
[2025-03-13 08:29:19] [ERROR] API error: Client error: `POST https://apisandbox.safaricom.et/v1/c2b/payments` resulted in a `404 Not Found` response (Code: 404)
[2025-03-13 08:41:04] [INFO] Generated token: 9GhqejD7strADD6kliLfQRmKZU2A
[2025-03-13 08:41:05] [ERROR] API error: Client error: `POST https://apisandbox.safaricom.et/v1/c2b/payments` resulted in a `404 Not Found` response (Code: 404)
[2025-03-13 09:07:25] [INFO] Generated token: 0xWIcUPlxSdJ5DWAbY5H1wSSXnoQ
[2025-03-13 09:07:26] [ERROR] API error: Client error: `POST https://apisandbox.safaricom.et/v1/c2b/payments` resulted in a `404 Not Found` response (Code: 404)
[2025-03-13 09:08:46] [INFO] Generated token: nbvebvgxg9Jm1pjhljxETim8zqpj
[2025-03-13 09:08:47] [ERROR] API error: Client error: `POST https://apisandbox.safaricom.et/v1/c2b/payments` resulted in a `404 Not Found` response (Code: 404)
[2025-03-13 10:59:05] [INFO] Generated token: romoioGRwxuaqrxjcGBV80tgHIOF
[2025-03-13 10:59:08] [ERROR] API error: Client error: `POST https://apisandbox.safaricom.et/v1/c2b/payments` resulted in a `404 Not Found` response (Code: 404)
[2025-03-13 12:33:45] [INFO] Generated token: hgIqGCiiS7I6G4UA9abvZPOLIEA7
[2025-03-13 12:34:48] [INFO] Generated token: K5C4aKkcEVKS2tdDI6fBGldvE4PZ
[2025-03-13 20:46:01] [INFO] Generated token: pn0uWJWfdCbSWtaDQllAY3Dq3qZv
[2025-03-14 04:22:53] [INFO] Generated token: Eiq7GCcHhYEwOJmuzfzkBjfDAHP0
[2025-03-14 04:26:00] [INFO] Generated token: i041jNE51XaSv0KcHazt9SGUcC5J
[2025-03-14 04:29:18] [INFO] Generated token: MBsvzzY1fbjSriYV4Ld1fTchbUHY
[2025-03-14 04:29:19] [INFO] B2C Response: {"ConversationID":"AG_20250314_70105ed75dfa3b56c02d","OriginatorConversationID":"Partner name -9bcd5245-23cd-44ce-88a3-82c72ad2a433","ResponseCode":"0","ResponseDescription":"Accept the service request successfully."}
[2025-03-14 06:08:57] [INFO] Generated token: cfmbCXRMD1gr5TEC1eExmCamhvJ9
[2025-03-14 06:08:58] [INFO] B2C Response: {"ConversationID":"AG_20250314_7010329336e5607063b0","OriginatorConversationID":"Partner name -9062ce50-2fd9-43ae-986e-d4dcb43ace39","ResponseCode":"0","ResponseDescription":"Accept the service request successfully."}
[2025-03-14 12:14:01] [INFO] Generated token: J7qJikxUvEwWuN4avdjKL0JibZ8Y
[2025-03-14 12:14:03] [INFO] B2C Response: {"ConversationID":"AG_20250314_70106b19e1776f44874a","OriginatorConversationID":"Partner name -f11dccef-fc36-407f-9907-43069163c51a","ResponseCode":"0","ResponseDescription":"Accept the service request successfully."}
